
*************************
Pre-processing the directory => /home/dsnopek/prj/drupal/drupal-7.9/sites/default/files/coder_upgrade/old/lingwo
*************************
Calling hook_upgrade_begin_alter
Completed hook_upgrade_begin_alter

*************************
Converting the directory => /home/dsnopek/prj/drupal/drupal-7.9/sites/default/files/coder_upgrade/old/lingwo
*************************

*************************
Converting the directory => /home/dsnopek/prj/drupal/drupal-7.9/sites/default/files/coder_upgrade/old/lingwo/includes
*************************

*************************
Converting the file => ahah.inc
*************************
Calling hook_upgrade_regex_alter
Completed hook_upgrade_regex_alter
Calling hook_upgrade_call_alter
Completed hook_upgrade_call_alter
Calling hook_upgrade_hook_alter
Completed hook_upgrade_hook_alter
Calling hook_upgrade_file_alter
Completed hook_upgrade_file_alter
Replaced the file

*************************
Converting the file => language.inc
*************************
Calling hook_upgrade_regex_alter
Completed hook_upgrade_regex_alter
Calling hook_upgrade_call_alter
Completed hook_upgrade_call_alter
Calling hook_upgrade_hook_alter
Ignoring function 'hasValue' as its name does not begin with the module name or 'theme_'
Ignoring function 'getValue' as its name does not begin with the module name or 'theme_'
Completed hook_upgrade_hook_alter
Calling hook_upgrade_file_alter
Completed hook_upgrade_file_alter
Replaced the file

*************************
Converting the file => misc.inc
*************************
Calling hook_upgrade_regex_alter
Completed hook_upgrade_regex_alter
Calling hook_upgrade_call_alter
ERROR: could not parse sql SELECT statement.
Completed hook_upgrade_call_alter
Calling hook_upgrade_hook_alter
Completed hook_upgrade_hook_alter
Calling hook_upgrade_file_alter
Completed hook_upgrade_file_alter
Replaced the file

*************************
Converting the file => settings.inc
*************************
Calling hook_upgrade_regex_alter
Completed hook_upgrade_regex_alter
Calling hook_upgrade_call_alter
Completed hook_upgrade_call_alter
Calling hook_upgrade_hook_alter
Ignoring function 'name' as its name does not begin with the module name or 'theme_'
Ignoring function 'getDefault' as its name does not begin with the module name or 'theme_'
Ignoring function 'isValid' as its name does not begin with the module name or 'theme_'
Completed hook_upgrade_hook_alter
Calling hook_upgrade_file_alter
Completed hook_upgrade_file_alter
Replaced the file

*************************
Converting the directory => /home/dsnopek/prj/drupal/drupal-7.9/sites/default/files/coder_upgrade/old/lingwo/js
*************************

*************************
Converting the directory => /home/dsnopek/prj/drupal/drupal-7.9/sites/default/files/coder_upgrade/old/lingwo/js/util
*************************

*************************
Converting the directory => /home/dsnopek/prj/drupal/drupal-7.9/sites/default/files/coder_upgrade/old/lingwo/languages
*************************

*************************
Converting the directory => /home/dsnopek/prj/drupal/drupal-7.9/sites/default/files/coder_upgrade/old/lingwo/lingwo_entry
*************************

*************************
Converting the file => lingwo_entry.admin.inc
*************************
Calling hook_upgrade_regex_alter
Completed hook_upgrade_regex_alter
Calling hook_upgrade_call_alter
Completed hook_upgrade_call_alter
Calling hook_upgrade_hook_alter
Completed hook_upgrade_hook_alter
Calling hook_upgrade_file_alter
Completed hook_upgrade_file_alter
Replaced the file

*************************
Converting the file => lingwo_entry.api.inc
*************************
Calling hook_upgrade_regex_alter
Completed hook_upgrade_regex_alter
Calling hook_upgrade_call_alter
ERROR: Could not find a SQL string to parse in coder_upgrade_locate_query_string
ERROR: Could not find a SQL string to parse in coder_upgrade_locate_query_string
Completed hook_upgrade_call_alter
Calling hook_upgrade_hook_alter
Ignoring function 'getDefault' as its name does not begin with the module name or 'theme_'
Ignoring function 'getNames' as its name does not begin with the module name or 'theme_'
Ignoring function 'isValid' as its name does not begin with the module name or 'theme_'
Ignoring function 'get' as its name does not begin with the module name or 'theme_'
Ignoring function 'isEntryNode' as its name does not begin with the module name or 'theme_'
Ignoring function 'getTranslationForNid' as its name does not begin with the module name or 'theme_'
Ignoring function 'lingwo2nid' as its name does not begin with the module name or 'theme_'
Ignoring function 'hash2nid' as its name does not begin with the module name or 'theme_'
Ignoring function 'key2nid' as its name does not begin with the module name or 'theme_'
Ignoring function 'searchHeadword' as its name does not begin with the module name or 'theme_'
Ignoring function 'buildLingwoId' as its name does not begin with the module name or 'theme_'
Ignoring function 'buildPath' as its name does not begin with the module name or 'theme_'
Ignoring function 'search' as its name does not begin with the module name or 'theme_'
Ignoring function 'getPosOptions' as its name does not begin with the module name or 'theme_'
Ignoring function '__construct' as its name does not begin with the module name or 'theme_'
Ignoring function 'fromNode' as its name does not begin with the module name or 'theme_'
Ignoring function 'fromNid' as its name does not begin with the module name or 'theme_'
Ignoring function 'fromLingwoId' as its name does not begin with the module name or 'theme_'
Ignoring function 'fromKey' as its name does not begin with the module name or 'theme_'
Ignoring function 'fromHash' as its name does not begin with the module name or 'theme_'
Ignoring function 'getNode' as its name does not begin with the module name or 'theme_'
Ignoring function '__get' as its name does not begin with the module name or 'theme_'
Ignoring function 'isTranslation' as its name does not begin with the module name or 'theme_'
Ignoring function 'getTranslationSource' as its name does not begin with the module name or 'theme_'
Ignoring function 'getTranslation' as its name does not begin with the module name or 'theme_'
Ignoring function 'getLanguages' as its name does not begin with the module name or 'theme_'
Ignoring function 'getSourceLanguage' as its name does not begin with the module name or 'theme_'
Ignoring function 'getPos' as its name does not begin with the module name or 'theme_'
Ignoring function 'getLingwoId' as its name does not begin with the module name or 'theme_'
Ignoring function 'getPath' as its name does not begin with the module name or 'theme_'
Completed hook_upgrade_hook_alter
Calling hook_upgrade_file_alter
Completed hook_upgrade_file_alter
Replaced the file

*************************
Converting the file => lingwo_entry.info
*************************
Calling hook_upgrade_regex_info_alter
Completed hook_upgrade_regex_info_alter
Replaced the file

*************************
Converting the file => lingwo_entry.install
*************************
Calling hook_upgrade_regex_install_alter
Completed hook_upgrade_regex_install_alter
Calling hook_upgrade_regex_alter
Completed hook_upgrade_regex_alter
Calling hook_upgrade_call_alter
Completed hook_upgrade_call_alter
Calling hook_upgrade_hook_alter
Completed hook_upgrade_hook_alter
Calling hook_upgrade_file_alter
Completed hook_upgrade_file_alter
Calling hook_upgrade_parser_install_alter
Completed hook_upgrade_parser_install_alter
Replaced the file

*************************
Converting the file => lingwo_entry.module
*************************
Calling hook_upgrade_regex_alter
Completed hook_upgrade_regex_alter
Calling hook_upgrade_call_alter
ERROR: Could not find a string to change in coder_upgrade_upgrade_call_drupal_goto_alter
ERROR: Theme entry for 'languageicons_icon' not found in theme registry or hook_theme
Completed hook_upgrade_call_alter
Calling hook_upgrade_hook_alter
ERROR: return statement not found in hook_load
Ignoring function '_lingwo_entry_generate_hash' as its name does not begin with the module name or 'theme_'
Ignoring function '_lingwo_locale_refresh' as its name does not begin with the module name or 'theme_'
Completed hook_upgrade_hook_alter
Calling hook_upgrade_file_alter
Completed hook_upgrade_file_alter
Replaced the file

*************************
Converting the file => lingwo_entry.pages.inc
*************************
Calling hook_upgrade_regex_alter
Completed hook_upgrade_regex_alter
Calling hook_upgrade_call_alter
Completed hook_upgrade_call_alter
Calling hook_upgrade_hook_alter
Ignoring function '_lingwo_entry_lookup_page_node' as its name does not begin with the module name or 'theme_'
Ignoring function '_lingwo_entry_lookup_page_list' as its name does not begin with the module name or 'theme_'
Completed hook_upgrade_hook_alter
Calling hook_upgrade_file_alter
Completed hook_upgrade_file_alter
Replaced the file

*************************
Converting the file => lingwo_entry.service.inc
*************************
Calling hook_upgrade_regex_alter
Completed hook_upgrade_regex_alter
Calling hook_upgrade_call_alter
Completed hook_upgrade_call_alter
Calling hook_upgrade_hook_alter
Completed hook_upgrade_hook_alter
Calling hook_upgrade_file_alter
Completed hook_upgrade_file_alter
Replaced the file

*************************
Converting the file => lingwo_entry.views.inc
*************************
Calling hook_upgrade_regex_alter
Completed hook_upgrade_regex_alter
Calling hook_upgrade_call_alter
Completed hook_upgrade_call_alter
Calling hook_upgrade_hook_alter
Completed hook_upgrade_hook_alter
Calling hook_upgrade_file_alter
Completed hook_upgrade_file_alter
Replaced the file

*************************
Converting the file => lingwo_entry.views_default.inc
*************************
Calling hook_upgrade_regex_alter
Completed hook_upgrade_regex_alter
Calling hook_upgrade_call_alter
Completed hook_upgrade_call_alter
Calling hook_upgrade_hook_alter
Completed hook_upgrade_hook_alter
Calling hook_upgrade_file_alter
Completed hook_upgrade_file_alter
Replaced the file

*************************
Converting the file => lingwo_entry_views_handler_argument_language.inc
*************************
Calling hook_upgrade_regex_alter
Completed hook_upgrade_regex_alter
Calling hook_upgrade_call_alter
Completed hook_upgrade_call_alter
Calling hook_upgrade_hook_alter
Ignoring function 'summary_name' as its name does not begin with the module name or 'theme_'
Ignoring function 'title' as its name does not begin with the module name or 'theme_'
Ignoring function 'human_language' as its name does not begin with the module name or 'theme_'
Completed hook_upgrade_hook_alter
Calling hook_upgrade_file_alter
Completed hook_upgrade_file_alter

*************************
Converting the file => lingwo_entry_views_handler_argument_language_pair.inc
*************************
Calling hook_upgrade_regex_alter
Completed hook_upgrade_regex_alter
Calling hook_upgrade_call_alter
Completed hook_upgrade_call_alter
Calling hook_upgrade_hook_alter
Ignoring function 'summary_name' as its name does not begin with the module name or 'theme_'
Ignoring function 'title' as its name does not begin with the module name or 'theme_'
Ignoring function 'human_language' as its name does not begin with the module name or 'theme_'
Completed hook_upgrade_hook_alter
Calling hook_upgrade_file_alter
Completed hook_upgrade_file_alter

*************************
Converting the file => lingwo_entry_views_handler_field_language.inc
*************************
Calling hook_upgrade_regex_alter
Completed hook_upgrade_regex_alter
Calling hook_upgrade_call_alter
Completed hook_upgrade_call_alter
Calling hook_upgrade_hook_alter
Ignoring function 'render' as its name does not begin with the module name or 'theme_'
Completed hook_upgrade_hook_alter
Calling hook_upgrade_file_alter
Completed hook_upgrade_file_alter

*************************
Converting the file => lingwo_entry_views_handler_field_language_pair.inc
*************************
Calling hook_upgrade_regex_alter
Completed hook_upgrade_regex_alter
Calling hook_upgrade_call_alter
Completed hook_upgrade_call_alter
Calling hook_upgrade_hook_alter
Ignoring function 'render' as its name does not begin with the module name or 'theme_'
Completed hook_upgrade_hook_alter
Calling hook_upgrade_file_alter
Completed hook_upgrade_file_alter

*************************
Converting the file => lingwo_entry_views_handler_field_pos.inc
*************************
Calling hook_upgrade_regex_alter
Completed hook_upgrade_regex_alter
Calling hook_upgrade_call_alter
Completed hook_upgrade_call_alter
Calling hook_upgrade_hook_alter
Ignoring function 'init' as its name does not begin with the module name or 'theme_'
Ignoring function 'render' as its name does not begin with the module name or 'theme_'
Completed hook_upgrade_hook_alter
Calling hook_upgrade_file_alter
Completed hook_upgrade_file_alter

*************************
Converting the file => lingwo_entry_views_handler_filter_language.inc
*************************
Calling hook_upgrade_regex_alter
Completed hook_upgrade_regex_alter
Calling hook_upgrade_call_alter
Completed hook_upgrade_call_alter
Calling hook_upgrade_hook_alter
Ignoring function 'get_value_options' as its name does not begin with the module name or 'theme_'
Completed hook_upgrade_hook_alter
Calling hook_upgrade_file_alter
Completed hook_upgrade_file_alter
Replaced the file

*************************
Converting the directory => /home/dsnopek/prj/drupal/drupal-7.9/sites/default/files/coder_upgrade/old/lingwo/lingwo_fields
*************************

*************************
Converting the file => lingwo_fields.admin.inc
*************************
Calling hook_upgrade_regex_alter
Completed hook_upgrade_regex_alter
Calling hook_upgrade_call_alter
Completed hook_upgrade_call_alter
Calling hook_upgrade_hook_alter
Ignoring function '_lingwo_fields_lingwo_language_form' as its name does not begin with the module name or 'theme_'
Ignoring function '_lingwo_fields_admin_field_form' as its name does not begin with the module name or 'theme_'
Ignoring function '_lingwo_fields_lingwo_language_form_validate' as its name does not begin with the module name or 'theme_'
Ignoring function '_lingwo_fields_lingwo_language_form_submit' as its name does not begin with the module name or 'theme_'
Ignoring function '_lingwo_fields_admin_generate_javascript' as its name does not begin with the module name or 'theme_'
Completed hook_upgrade_hook_alter
Calling hook_upgrade_file_alter
Completed hook_upgrade_file_alter
Replaced the file

*************************
Converting the file => lingwo_fields.api.inc
*************************
Calling hook_upgrade_regex_alter
Completed hook_upgrade_regex_alter
Calling hook_upgrade_call_alter
ERROR: Could not find a SQL string to parse in coder_upgrade_locate_query_string
Completed hook_upgrade_call_alter
Calling hook_upgrade_hook_alter
Ignoring function 'getDefault' as its name does not begin with the module name or 'theme_'
Ignoring function 'getNames' as its name does not begin with the module name or 'theme_'
Ignoring function 'isValid' as its name does not begin with the module name or 'theme_'
Ignoring function 'get' as its name does not begin with the module name or 'theme_'
Ignoring function 'searchForms' as its name does not begin with the module name or 'theme_'
Ignoring function 'mapItems' as its name does not begin with the module name or 'theme_'
Ignoring function 'generateJavascript' as its name does not begin with the module name or 'theme_'
Ignoring function '__construct' as its name does not begin with the module name or 'theme_'
Ignoring function 'getFields' as its name does not begin with the module name or 'theme_'
Ignoring function 'clean' as its name does not begin with the module name or 'theme_'
Ignoring function 'getIterator' as its name does not begin with the module name or 'theme_'
Ignoring function 'getEntry' as its name does not begin with the module name or 'theme_'
Ignoring function 'exists' as its name does not begin with the module name or 'theme_'
Ignoring function 'getType' as its name does not begin with the module name or 'theme_'
Ignoring function 'getOne' as its name does not begin with the module name or 'theme_'
Ignoring function 'getMany' as its name does not begin with the module name or 'theme_'
Ignoring function 'set' as its name does not begin with the module name or 'theme_'
Ignoring function 'addForm' as its name does not begin with the module name or 'theme_'
Ignoring function '_lingwo_fields_check_js' as its name does not begin with the module name or 'theme_'
Completed hook_upgrade_hook_alter
Calling hook_upgrade_file_alter
Completed hook_upgrade_file_alter
Replaced the file

*************************
Converting the file => lingwo_fields.info
*************************
Calling hook_upgrade_regex_info_alter
Completed hook_upgrade_regex_info_alter
Replaced the file

*************************
Converting the file => lingwo_fields.install
*************************
Calling hook_upgrade_regex_install_alter
Completed hook_upgrade_regex_install_alter
Calling hook_upgrade_regex_alter
Completed hook_upgrade_regex_alter
Calling hook_upgrade_call_alter
Completed hook_upgrade_call_alter
Calling hook_upgrade_hook_alter
Completed hook_upgrade_hook_alter
Calling hook_upgrade_file_alter
Completed hook_upgrade_file_alter
Calling hook_upgrade_parser_install_alter
Completed hook_upgrade_parser_install_alter
Replaced the file

*************************
Converting the file => lingwo_fields.module
*************************
Calling hook_upgrade_regex_alter
Completed hook_upgrade_regex_alter
Calling hook_upgrade_call_alter
Completed hook_upgrade_call_alter
Calling hook_upgrade_hook_alter
Ignoring function '_lingwo_fields_clean' as its name does not begin with the module name or 'theme_'
Ignoring function '_lingwo_fields_write_record' as its name does not begin with the module name or 'theme_'
Completed hook_upgrade_hook_alter
Calling hook_upgrade_file_alter
Completed hook_upgrade_file_alter
Replaced the file

*************************
Converting the file => lingwo_fields.widget.inc
*************************
Calling hook_upgrade_regex_alter
Completed hook_upgrade_regex_alter
Calling hook_upgrade_call_alter
Completed hook_upgrade_call_alter
Calling hook_upgrade_hook_alter
Ignoring function '_lingwo_fields_widget' as its name does not begin with the module name or 'theme_'
Ignoring function '_lingwo_fields_submit_change_pos' as its name does not begin with the module name or 'theme_'
Ignoring function '_lingwo_fields_submit_add_new_form' as its name does not begin with the module name or 'theme_'
Ignoring function 'template_preprocess_lingwo_fields_widget_form' as its name does not begin with the module name or 'theme_'
Ignoring function 'template_preprocess_lingwo_fields_view' as its name does not begin with the module name or 'theme_'
Completed hook_upgrade_hook_alter
Calling hook_upgrade_file_alter
Completed hook_upgrade_file_alter
Replaced the file

*************************
Converting the directory => /home/dsnopek/prj/drupal/drupal-7.9/sites/default/files/coder_upgrade/old/lingwo/lingwo_language
*************************

*************************
Converting the file => lingwo_language.api.inc
*************************
Calling hook_upgrade_regex_alter
Completed hook_upgrade_regex_alter
Calling hook_upgrade_call_alter
Completed hook_upgrade_call_alter
Calling hook_upgrade_hook_alter
Ignoring function 'getDefault' as its name does not begin with the module name or 'theme_'
Ignoring function 'getNames' as its name does not begin with the module name or 'theme_'
Ignoring function 'isValid' as its name does not begin with the module name or 'theme_'
Ignoring function 'get' as its name does not begin with the module name or 'theme_'
Ignoring function '__construct' as its name does not begin with the module name or 'theme_'
Ignoring function 'fromNode' as its name does not begin with the module name or 'theme_'
Ignoring function 'fromNid' as its name does not begin with the module name or 'theme_'
Ignoring function 'fromCode' as its name does not begin with the module name or 'theme_'
Ignoring function 'getNode' as its name does not begin with the module name or 'theme_'
Ignoring function 'getValue' as its name does not begin with the module name or 'theme_'
Ignoring function 'getValueQuick' as its name does not begin with the module name or 'theme_'
Completed hook_upgrade_hook_alter
Calling hook_upgrade_file_alter
Completed hook_upgrade_file_alter
Replaced the file

*************************
Converting the file => lingwo_language.info
*************************
Calling hook_upgrade_regex_info_alter
Completed hook_upgrade_regex_info_alter
Replaced the file

*************************
Converting the file => lingwo_language.install
*************************
Calling hook_upgrade_regex_install_alter
Completed hook_upgrade_regex_install_alter
Calling hook_upgrade_regex_alter
Completed hook_upgrade_regex_alter
Calling hook_upgrade_call_alter
Completed hook_upgrade_call_alter
Calling hook_upgrade_hook_alter
Completed hook_upgrade_hook_alter
Calling hook_upgrade_file_alter
Completed hook_upgrade_file_alter
Calling hook_upgrade_parser_install_alter
Completed hook_upgrade_parser_install_alter
Replaced the file

*************************
Converting the file => lingwo_language.module
*************************
Calling hook_upgrade_regex_alter
Completed hook_upgrade_regex_alter
Calling hook_upgrade_call_alter
Completed hook_upgrade_call_alter
Calling hook_upgrade_hook_alter
Completed hook_upgrade_hook_alter
Calling hook_upgrade_file_alter
Completed hook_upgrade_file_alter
Replaced the file

*************************
Converting the directory => /home/dsnopek/prj/drupal/drupal-7.9/sites/default/files/coder_upgrade/old/lingwo/lingwo_pron
*************************

*************************
Converting the file => lingwo_pron.admin.inc
*************************
Calling hook_upgrade_regex_alter
Completed hook_upgrade_regex_alter
Calling hook_upgrade_call_alter
Completed hook_upgrade_call_alter
Calling hook_upgrade_hook_alter
Completed hook_upgrade_hook_alter
Calling hook_upgrade_file_alter
Completed hook_upgrade_file_alter
Replaced the file

*************************
Converting the file => lingwo_pron.api.inc
*************************
Calling hook_upgrade_regex_alter
Completed hook_upgrade_regex_alter
Calling hook_upgrade_call_alter
Completed hook_upgrade_call_alter
Calling hook_upgrade_hook_alter
Ignoring function 'getDefault' as its name does not begin with the module name or 'theme_'
Ignoring function 'getNames' as its name does not begin with the module name or 'theme_'
Ignoring function 'isValid' as its name does not begin with the module name or 'theme_'
Ignoring function 'isFieldEnabled' as its name does not begin with the module name or 'theme_'
Ignoring function 'get' as its name does not begin with the module name or 'theme_'
Ignoring function 'getTagOptions' as its name does not begin with the module name or 'theme_'
Ignoring function '__construct' as its name does not begin with the module name or 'theme_'
Ignoring function 'getItems' as its name does not begin with the module name or 'theme_'
Ignoring function 'getIterator' as its name does not begin with the module name or 'theme_'
Ignoring function 'count' as its name does not begin with the module name or 'theme_'
Ignoring function '_lingwo_pron_file_path' as its name does not begin with the module name or 'theme_'
Completed hook_upgrade_hook_alter
Calling hook_upgrade_file_alter
Completed hook_upgrade_file_alter
Replaced the file

*************************
Converting the file => lingwo_pron.info
*************************
Calling hook_upgrade_regex_info_alter
Completed hook_upgrade_regex_info_alter
Replaced the file

*************************
Converting the file => lingwo_pron.install
*************************
Calling hook_upgrade_regex_install_alter
Completed hook_upgrade_regex_install_alter
Calling hook_upgrade_regex_alter
Completed hook_upgrade_regex_alter
Calling hook_upgrade_call_alter
Completed hook_upgrade_call_alter
Calling hook_upgrade_hook_alter
Completed hook_upgrade_hook_alter
Calling hook_upgrade_file_alter
Completed hook_upgrade_file_alter
Calling hook_upgrade_parser_install_alter
Completed hook_upgrade_parser_install_alter
Replaced the file

*************************
Converting the file => lingwo_pron.module
*************************
Calling hook_upgrade_regex_alter
Completed hook_upgrade_regex_alter
Calling hook_upgrade_call_alter
Completed hook_upgrade_call_alter
Calling hook_upgrade_hook_alter
Completed hook_upgrade_hook_alter
Calling hook_upgrade_file_alter
Completed hook_upgrade_file_alter
Replaced the file

*************************
Converting the file => lingwo_pron.theme.inc
*************************
Calling hook_upgrade_regex_alter
Completed hook_upgrade_regex_alter
Calling hook_upgrade_call_alter
Completed hook_upgrade_call_alter
Calling hook_upgrade_hook_alter
Completed hook_upgrade_hook_alter
Calling hook_upgrade_file_alter
Completed hook_upgrade_file_alter
Replaced the file

*************************
Converting the file => lingwo_pron.widget.inc
*************************
Calling hook_upgrade_regex_alter
Completed hook_upgrade_regex_alter
Calling hook_upgrade_call_alter
Completed hook_upgrade_call_alter
Calling hook_upgrade_hook_alter
Ignoring function '_lingwo_pron_widget' as its name does not begin with the module name or 'theme_'
Ignoring function '_lingwo_pron_handle_upload' as its name does not begin with the module name or 'theme_'
Ignoring function '_lingwo_pron_validate_upload' as its name does not begin with the module name or 'theme_'
Completed hook_upgrade_hook_alter
Calling hook_upgrade_file_alter
Completed hook_upgrade_file_alter
Replaced the file

*************************
Converting the directory => /home/dsnopek/prj/drupal/drupal-7.9/sites/default/files/coder_upgrade/old/lingwo/lingwo_senses
*************************

*************************
Converting the file => lingwo_senses.admin.inc
*************************
Calling hook_upgrade_regex_alter
Completed hook_upgrade_regex_alter
Calling hook_upgrade_call_alter
Completed hook_upgrade_call_alter
Calling hook_upgrade_hook_alter
Completed hook_upgrade_hook_alter
Calling hook_upgrade_file_alter
Completed hook_upgrade_file_alter
Replaced the file

*************************
Converting the file => lingwo_senses.api.inc
*************************
Calling hook_upgrade_regex_alter
Completed hook_upgrade_regex_alter
Calling hook_upgrade_call_alter
Completed hook_upgrade_call_alter
Calling hook_upgrade_hook_alter
Ignoring function 'getDefault' as its name does not begin with the module name or 'theme_'
Ignoring function 'getNames' as its name does not begin with the module name or 'theme_'
Ignoring function 'isValid' as its name does not begin with the module name or 'theme_'
Ignoring function 'get' as its name does not begin with the module name or 'theme_'
Ignoring function 'getRelationshipOptions' as its name does not begin with the module name or 'theme_'
Ignoring function '__construct' as its name does not begin with the module name or 'theme_'
Ignoring function 'buildSenses' as its name does not begin with the module name or 'theme_'
Ignoring function 'getIterator' as its name does not begin with the module name or 'theme_'
Ignoring function 'count' as its name does not begin with the module name or 'theme_'
Ignoring function 'addSense' as its name does not begin with the module name or 'theme_'
Ignoring function 'getSense' as its name does not begin with the module name or 'theme_'
Ignoring function 'getChildren' as its name does not begin with the module name or 'theme_'
Ignoring function '__construct' as its name does not begin with the module name or 'theme_'
Ignoring function '__get' as its name does not begin with the module name or 'theme_'
Ignoring function '__isset' as its name does not begin with the module name or 'theme_'
Ignoring function '_fmtExample' as its name does not begin with the module name or 'theme_'
Ignoring function '_getExample' as its name does not begin with the module name or 'theme_'
Ignoring function '_getExampleTranslation' as its name does not begin with the module name or 'theme_'
Ignoring function '_getChildren' as its name does not begin with the module name or 'theme_'
Ignoring function 'getIds' as its name does not begin with the module name or 'theme_'
Ignoring function 'isTranslation' as its name does not begin with the module name or 'theme_'
Ignoring function 'hasOriginal' as its name does not begin with the module name or 'theme_'
Ignoring function 'hasTranslation' as its name does not begin with the module name or 'theme_'
Ignoring function 'getTranslatedExample' as its name does not begin with the module name or 'theme_'
Ignoring function '_lingwo_senses_get_children' as its name does not begin with the module name or 'theme_'
Completed hook_upgrade_hook_alter
Calling hook_upgrade_file_alter
Completed hook_upgrade_file_alter
Replaced the file

*************************
Converting the file => lingwo_senses.info
*************************
Calling hook_upgrade_regex_info_alter
Completed hook_upgrade_regex_info_alter
Replaced the file

*************************
Converting the file => lingwo_senses.install
*************************
Calling hook_upgrade_regex_install_alter
Completed hook_upgrade_regex_install_alter
Calling hook_upgrade_regex_alter
Completed hook_upgrade_regex_alter
Calling hook_upgrade_call_alter
ERROR: Could not find a SQL string to parse in coder_upgrade_locate_query_string
Completed hook_upgrade_call_alter
Calling hook_upgrade_hook_alter
Ignoring function '_lingwo_senses_install_default_senses' as its name does not begin with the module name or 'theme_'
Ignoring function '_lingwo_senses_install_default_senses_one' as its name does not begin with the module name or 'theme_'
Completed hook_upgrade_hook_alter
Calling hook_upgrade_file_alter
Completed hook_upgrade_file_alter
Calling hook_upgrade_parser_install_alter
Completed hook_upgrade_parser_install_alter
Replaced the file

*************************
Converting the file => lingwo_senses.module
*************************
Calling hook_upgrade_regex_alter
Completed hook_upgrade_regex_alter
Calling hook_upgrade_call_alter
Completed hook_upgrade_call_alter
Calling hook_upgrade_hook_alter
Ignoring function '_lingwo_senses_remove_helper' as its name does not begin with the module name or 'theme_'
Ignoring function '_lingwo_senses_clean' as its name does not begin with the module name or 'theme_'
Completed hook_upgrade_hook_alter
Calling hook_upgrade_file_alter
Completed hook_upgrade_file_alter
Replaced the file

*************************
Converting the file => lingwo_senses.theme.inc
*************************
Calling hook_upgrade_regex_alter
Completed hook_upgrade_regex_alter
Calling hook_upgrade_call_alter
Completed hook_upgrade_call_alter
Calling hook_upgrade_hook_alter
Completed hook_upgrade_hook_alter
Calling hook_upgrade_file_alter
Completed hook_upgrade_file_alter
Replaced the file

*************************
Converting the file => lingwo_senses.widget.inc
*************************
Calling hook_upgrade_regex_alter
Completed hook_upgrade_regex_alter
Calling hook_upgrade_call_alter
Completed hook_upgrade_call_alter
Calling hook_upgrade_hook_alter
Ignoring function '_lingwo_senses_widget_original' as its name does not begin with the module name or 'theme_'
Ignoring function '_lingwo_senses_widget_translation' as its name does not begin with the module name or 'theme_'
Completed hook_upgrade_hook_alter
Calling hook_upgrade_file_alter
Completed hook_upgrade_file_alter
Replaced the file

*************************
Post-processing the directory => /home/dsnopek/prj/drupal/drupal-7.9/sites/default/files/coder_upgrade/new/lingwo
*************************
Calling hook_upgrade_end_alter
Completed hook_upgrade_end_alter

*************************
Creating a patch file for the directory => /home/dsnopek/prj/drupal/drupal-7.9/sites/default/files/coder_upgrade/old/lingwo
*************************
Making patch file: diff -up -r /home/dsnopek/prj/drupal/drupal-7.9/sites/default/files/coder_upgrade/old/lingwo /home/dsnopek/prj/drupal/drupal-7.9/sites/default/files/coder_upgrade/new/lingwo > sites/default/files/coder_upgrade/patch/lingwo.patch
